<?xml version="1.0" encoding="UTF-8"?>
<!-- Generated by org.testng.reporters.JUnitXMLReporter -->
<testsuite ignored="1" hostname="DESKTOP-T79D26N" failures="0" tests="2" name="SubmitOrder" time="51.097" errors="0" timestamp="2024-07-23T20:00:29 IST">
  <testcase classname="amrutraibagi.tests.SubmitOrderTest" name="submitOrder" time="19.946"/>
  <testcase classname="amrutraibagi.tests.SubmitOrderTest" name="submitOrder" time="19.486"/>
  <testcase classname="amrutraibagi.tests.SubmitOrderTest" name="orderHistoryTest" time="0.0">
    <ignored/>
  </testcase> <!-- orderHistoryTest -->
</testsuite> <!-- SubmitOrder -->
