<?xml version="1.0" encoding="UTF-8"?>
<testng-results ignored="0" total="2" passed="2" failed="0" skipped="0">
  <reporter-output>
  </reporter-output>
  <suite started-at="2024-07-23T19:59:38 IST" name="Suite" finished-at="2024-07-23T20:00:29 IST" duration-ms="51097">
    <groups>
      <group name="Purchase">
        <method signature="SubmitOrderTest.submitOrder(java.util.HashMap)[pri:0, instance:amrutraibagi.tests.SubmitOrderTest@8458f04]" name="submitOrder" class="amrutraibagi.tests.SubmitOrderTest"/>
      </group> <!-- Purchase -->
    </groups>
    <test started-at="2024-07-23T19:59:38 IST" name="Error Validation Test" finished-at="2024-07-23T19:59:38 IST" duration-ms="22">
    </test> <!-- Error Validation Test -->
    <test started-at="2024-07-23T19:59:38 IST" name="SubmitOrder" finished-at="2024-07-23T20:00:29 IST" duration-ms="51097">
      <class name="amrutraibagi.tests.SubmitOrderTest">
        <test-method is-config="true" signature="launchApplication()[pri:0, instance:amrutraibagi.tests.SubmitOrderTest@8458f04]" started-at="2024-07-23T19:59:39 IST" name="launchApplication" finished-at="2024-07-23T19:59:44 IST" duration-ms="5087" status="PASS">
          <reporter-output>
          </reporter-output>
        </test-method> <!-- launchApplication -->
        <test-method signature="submitOrder(java.util.HashMap)[pri:0, instance:amrutraibagi.tests.SubmitOrderTest@8458f04]" started-at="2024-07-23T19:59:44 IST" name="submitOrder" data-provider="getData" finished-at="2024-07-23T20:00:04 IST" duration-ms="19946" status="PASS">
          <params>
            <param index="0">
              <value>
                <![CDATA[{password=Pappa@143, Email=amrutraibagi2018@gmail.com, productName=ZARA COAT 3}]]>
              </value>
            </param>
          </params>
          <reporter-output>
          </reporter-output>
        </test-method> <!-- submitOrder -->
        <test-method is-config="true" signature="tearDown()[pri:0, instance:amrutraibagi.tests.SubmitOrderTest@8458f04]" started-at="2024-07-23T20:00:04 IST" name="tearDown" finished-at="2024-07-23T20:00:04 IST" duration-ms="245" status="PASS">
          <reporter-output>
          </reporter-output>
        </test-method> <!-- tearDown -->
        <test-method is-config="true" signature="launchApplication()[pri:0, instance:amrutraibagi.tests.SubmitOrderTest@8458f04]" started-at="2024-07-23T20:00:04 IST" name="launchApplication" finished-at="2024-07-23T20:00:09 IST" duration-ms="5625" status="PASS">
          <reporter-output>
          </reporter-output>
        </test-method> <!-- launchApplication -->
        <test-method signature="submitOrder(java.util.HashMap)[pri:0, instance:amrutraibagi.tests.SubmitOrderTest@8458f04]" started-at="2024-07-23T20:00:09 IST" name="submitOrder" data-provider="getData" finished-at="2024-07-23T20:00:29 IST" duration-ms="19486" status="PASS">
          <params>
            <param index="0">
              <value>
                <![CDATA[{password=Pappa@143, Email=amrutraibagi2018@gmail.com, productName=IPHONE 13 PRO}]]>
              </value>
            </param>
          </params>
          <reporter-output>
          </reporter-output>
        </test-method> <!-- submitOrder -->
        <test-method is-config="true" signature="tearDown()[pri:0, instance:amrutraibagi.tests.SubmitOrderTest@8458f04]" started-at="2024-07-23T20:00:29 IST" name="tearDown" finished-at="2024-07-23T20:00:29 IST" duration-ms="188" status="PASS">
          <reporter-output>
          </reporter-output>
        </test-method> <!-- tearDown -->
      </class> <!-- amrutraibagi.tests.SubmitOrderTest -->
    </test> <!-- SubmitOrder -->
  </suite> <!-- Suite -->
</testng-results>
